<?xml version="1.0" encoding="UTF-8"?>
<coverage generated="1510452594577" clover="3.2.0">
  <project timestamp="1510452594578" name="All files">
    <metrics statements="13" coveredstatements="12" conditionals="1" coveredconditionals="1" methods="13" coveredmethods="12" elements="27" coveredelements="25" complexity="0" loc="13" ncloc="13" packages="3" files="15" classes="15">
      <package name="common">
        <metrics statements="3" coveredstatements="3" conditionals="1" coveredconditionals="1" methods="3" coveredmethods="3"/>
        <file name="FlagIcon.js" path="/home/nec286/code/osu-twitch/src/components/common/FlagIcon.js">
          <metrics statements="1" coveredstatements="1" conditionals="1" coveredconditionals="1" methods="1" coveredmethods="1"/>
          <line num="7" count="1" type="stmt"/>
        </file>
        <file name="Progress.js" path="/home/nec286/code/osu-twitch/src/components/common/Progress.js">
          <metrics statements="1" coveredstatements="1" conditionals="0" coveredconditionals="0" methods="1" coveredmethods="1"/>
          <line num="6" count="1" type="stmt"/>
        </file>
        <file name="Statistic.js" path="/home/nec286/code/osu-twitch/src/components/common/Statistic.js">
          <metrics statements="1" coveredstatements="1" conditionals="0" coveredconditionals="0" methods="1" coveredmethods="1"/>
          <line num="6" count="8" type="stmt"/>
        </file>
        <file name="index.js" path="/home/nec286/code/osu-twitch/src/components/common/index.js">
          <metrics statements="0" coveredstatements="0" conditionals="0" coveredconditionals="0" methods="0" coveredmethods="0"/>
        </file>
      </package>
      <package name="util">
        <metrics statements="1" coveredstatements="1" conditionals="0" coveredconditionals="0" methods="1" coveredmethods="1"/>
        <file name="formatNo.js" path="/home/nec286/code/osu-twitch/src/components/util/formatNo.js">
          <metrics statements="1" coveredstatements="1" conditionals="0" coveredconditionals="0" methods="1" coveredmethods="1"/>
          <line num="2" count="3" type="stmt"/>
        </file>
        <file name="index.js" path="/home/nec286/code/osu-twitch/src/components/util/index.js">
          <metrics statements="0" coveredstatements="0" conditionals="0" coveredconditionals="0" methods="0" coveredmethods="0"/>
        </file>
      </package>
      <package name="viewer.profile">
        <metrics statements="9" coveredstatements="8" conditionals="0" coveredconditionals="0" methods="9" coveredmethods="8"/>
        <file name="Accuracy.js" path="/home/nec286/code/osu-twitch/src/components/viewer/profile/Accuracy.js">
          <metrics statements="1" coveredstatements="1" conditionals="0" coveredconditionals="0" methods="1" coveredmethods="1"/>
          <line num="7" count="2" type="stmt"/>
        </file>
        <file name="CountryPPRank.js" path="/home/nec286/code/osu-twitch/src/components/viewer/profile/CountryPPRank.js">
          <metrics statements="1" coveredstatements="1" conditionals="0" coveredconditionals="0" methods="1" coveredmethods="1"/>
          <line num="7" count="1" type="stmt"/>
        </file>
        <file name="GlobalPPRank.js" path="/home/nec286/code/osu-twitch/src/components/viewer/profile/GlobalPPRank.js">
          <metrics statements="1" coveredstatements="1" conditionals="0" coveredconditionals="0" methods="1" coveredmethods="1"/>
          <line num="7" count="1" type="stmt"/>
        </file>
        <file name="LetterRank.js" path="/home/nec286/code/osu-twitch/src/components/viewer/profile/LetterRank.js">
          <metrics statements="1" coveredstatements="1" conditionals="0" coveredconditionals="0" methods="1" coveredmethods="1"/>
          <line num="8" count="1" type="stmt"/>
        </file>
        <file name="Level.js" path="/home/nec286/code/osu-twitch/src/components/viewer/profile/Level.js">
          <metrics statements="1" coveredstatements="0" conditionals="0" coveredconditionals="0" methods="1" coveredmethods="0"/>
          <line num="7" count="0" type="stmt"/>
        </file>
        <file name="LevelProgress.js" path="/home/nec286/code/osu-twitch/src/components/viewer/profile/LevelProgress.js">
          <metrics statements="1" coveredstatements="1" conditionals="0" coveredconditionals="0" methods="1" coveredmethods="1"/>
          <line num="7" count="1" type="stmt"/>
        </file>
        <file name="PlayCount.js" path="/home/nec286/code/osu-twitch/src/components/viewer/profile/PlayCount.js">
          <metrics statements="1" coveredstatements="1" conditionals="0" coveredconditionals="0" methods="1" coveredmethods="1"/>
          <line num="7" count="1" type="stmt"/>
        </file>
        <file name="RankedScore.js" path="/home/nec286/code/osu-twitch/src/components/viewer/profile/RankedScore.js">
          <metrics statements="1" coveredstatements="1" conditionals="0" coveredconditionals="0" methods="1" coveredmethods="1"/>
          <line num="8" count="1" type="stmt"/>
        </file>
        <file name="TotalScore.js" path="/home/nec286/code/osu-twitch/src/components/viewer/profile/TotalScore.js">
          <metrics statements="1" coveredstatements="1" conditionals="0" coveredconditionals="0" methods="1" coveredmethods="1"/>
          <line num="8" count="1" type="stmt"/>
        </file>
      </package>
    </metrics>
  </project>
</coverage>
