{"/home/nec286/code/osu-twitch/src/components/common/FlagIcon.js": {"path":"/home/nec286/code/osu-twitch/src/components/common/FlagIcon.js","statementMap":{"0":{"start":{"line":7,"column":4},"end":{"line":7,"column":94}}},"fnMap":{"0":{"name":"(anonymous_0)","decl":{"start":{"line":6,"column":2},"end":{"line":6,"column":3}},"loc":{"start":{"line":6,"column":25},"end":{"line":8,"column":3}},"line":6}},"branchMap":{"0":{"loc":{"start":{"line":6,"column":11},"end":{"line":6,"column":21}},"type":"default-arg","locations":[{"start":{"line":6,"column":19},"end":{"line":6,"column":21}}],"line":6}},"s":{"0":1},"f":{"0":1},"b":{"0":[1]},"_coverageSchema":"332fd63041d2c1bcb487cc26dd0d5f7d97098a6c","hash":"846fc5041694c3493a9a206c7aaca0e1ecfcf80f"}
,"/home/nec286/code/osu-twitch/src/components/common/Progress.js": {"path":"/home/nec286/code/osu-twitch/src/components/common/Progress.js","statementMap":{"0":{"start":{"line":6,"column":4},"end":{"line":12,"column":6}}},"fnMap":{"0":{"name":"(anonymous_0)","decl":{"start":{"line":5,"column":2},"end":{"line":5,"column":3}},"loc":{"start":{"line":5,"column":20},"end":{"line":13,"column":3}},"line":5}},"branchMap":{},"s":{"0":1},"f":{"0":1},"b":{},"_coverageSchema":"332fd63041d2c1bcb487cc26dd0d5f7d97098a6c","hash":"495f248799a1b3d2f23aea6f7fae363b89badbae"}
,"/home/nec286/code/osu-twitch/src/components/common/Statistic.js": {"path":"/home/nec286/code/osu-twitch/src/components/common/Statistic.js","statementMap":{"0":{"start":{"line":6,"column":4},"end":{"line":13,"column":6}}},"fnMap":{"0":{"name":"(anonymous_0)","decl":{"start":{"line":5,"column":2},"end":{"line":5,"column":3}},"loc":{"start":{"line":5,"column":27},"end":{"line":14,"column":3}},"line":5}},"branchMap":{},"s":{"0":8},"f":{"0":8},"b":{},"_coverageSchema":"332fd63041d2c1bcb487cc26dd0d5f7d97098a6c","hash":"7b897e728d87f85c61881197b03594ac6ef5e9a5"}
,"/home/nec286/code/osu-twitch/src/components/common/index.js": {"path":"/home/nec286/code/osu-twitch/src/components/common/index.js","statementMap":{},"fnMap":{},"branchMap":{},"s":{},"f":{},"b":{},"_coverageSchema":"332fd63041d2c1bcb487cc26dd0d5f7d97098a6c","hash":"4f7d24b7e0883c2ea41b9550c911a067f9395061"}
,"/home/nec286/code/osu-twitch/src/components/util/formatNo.js": {"path":"/home/nec286/code/osu-twitch/src/components/util/formatNo.js","statementMap":{"0":{"start":{"line":2,"column":2},"end":{"line":2,"column":62}}},"fnMap":{"0":{"name":"(anonymous_0)","decl":{"start":{"line":1,"column":15},"end":{"line":1,"column":16}},"loc":{"start":{"line":1,"column":29},"end":{"line":3,"column":1}},"line":1}},"branchMap":{},"s":{"0":3},"f":{"0":3},"b":{},"_coverageSchema":"332fd63041d2c1bcb487cc26dd0d5f7d97098a6c","hash":"f91370b6fc3a21c79a003df033372e5c37d25c42"}
,"/home/nec286/code/osu-twitch/src/components/util/index.js": {"path":"/home/nec286/code/osu-twitch/src/components/util/index.js","statementMap":{},"fnMap":{},"branchMap":{},"s":{},"f":{},"b":{},"_coverageSchema":"332fd63041d2c1bcb487cc26dd0d5f7d97098a6c","hash":"c318bb33bde93b43fb2824844c8e780a8595e95c"}
,"/home/nec286/code/osu-twitch/src/components/viewer/profile/Accuracy.js": {"path":"/home/nec286/code/osu-twitch/src/components/viewer/profile/Accuracy.js","statementMap":{"0":{"start":{"line":7,"column":4},"end":{"line":7,"column":92}}},"fnMap":{"0":{"name":"(anonymous_0)","decl":{"start":{"line":6,"column":2},"end":{"line":6,"column":3}},"loc":{"start":{"line":6,"column":20},"end":{"line":8,"column":3}},"line":6}},"branchMap":{},"s":{"0":2},"f":{"0":2},"b":{},"_coverageSchema":"332fd63041d2c1bcb487cc26dd0d5f7d97098a6c","hash":"ee5287bf26be59255b2376066f89e7ac0b9395cc"}
,"/home/nec286/code/osu-twitch/src/components/viewer/profile/CountryPPRank.js": {"path":"/home/nec286/code/osu-twitch/src/components/viewer/profile/CountryPPRank.js","statementMap":{"0":{"start":{"line":7,"column":4},"end":{"line":7,"column":82}}},"fnMap":{"0":{"name":"(anonymous_0)","decl":{"start":{"line":6,"column":2},"end":{"line":6,"column":3}},"loc":{"start":{"line":6,"column":29},"end":{"line":8,"column":3}},"line":6}},"branchMap":{},"s":{"0":1},"f":{"0":1},"b":{},"_coverageSchema":"332fd63041d2c1bcb487cc26dd0d5f7d97098a6c","hash":"3fce626e03940dd097bd985bbe9cbf7a023472f6"}
,"/home/nec286/code/osu-twitch/src/components/viewer/profile/GlobalPPRank.js": {"path":"/home/nec286/code/osu-twitch/src/components/viewer/profile/GlobalPPRank.js","statementMap":{"0":{"start":{"line":7,"column":4},"end":{"line":7,"column":78}}},"fnMap":{"0":{"name":"(anonymous_0)","decl":{"start":{"line":6,"column":2},"end":{"line":6,"column":3}},"loc":{"start":{"line":6,"column":20},"end":{"line":8,"column":3}},"line":6}},"branchMap":{},"s":{"0":1},"f":{"0":1},"b":{},"_coverageSchema":"332fd63041d2c1bcb487cc26dd0d5f7d97098a6c","hash":"0b5700c776427b460facf4f86c4dccbe020e3503"}
,"/home/nec286/code/osu-twitch/src/components/viewer/profile/LetterRank.js": {"path":"/home/nec286/code/osu-twitch/src/components/viewer/profile/LetterRank.js","statementMap":{"0":{"start":{"line":8,"column":4},"end":{"line":8,"column":67}}},"fnMap":{"0":{"name":"(anonymous_0)","decl":{"start":{"line":7,"column":2},"end":{"line":7,"column":3}},"loc":{"start":{"line":7,"column":27},"end":{"line":9,"column":3}},"line":7}},"branchMap":{},"s":{"0":1},"f":{"0":1},"b":{},"_coverageSchema":"332fd63041d2c1bcb487cc26dd0d5f7d97098a6c","hash":"6ed7dfd30ce09d794400c88dbf3a234ec9291f25"}
,"/home/nec286/code/osu-twitch/src/components/viewer/profile/Level.js": {"path":"/home/nec286/code/osu-twitch/src/components/viewer/profile/Level.js","statementMap":{"0":{"start":{"line":7,"column":4},"end":{"line":7,"column":67}}},"fnMap":{"0":{"name":"(anonymous_0)","decl":{"start":{"line":6,"column":2},"end":{"line":6,"column":3}},"loc":{"start":{"line":6,"column":20},"end":{"line":8,"column":3}},"line":6}},"branchMap":{},"s":{"0":0},"f":{"0":0},"b":{},"_coverageSchema":"332fd63041d2c1bcb487cc26dd0d5f7d97098a6c","hash":"99ea33aaf39f8943d0538c4b28f3e5ab7ccdc345"}
,"/home/nec286/code/osu-twitch/src/components/viewer/profile/LevelProgress.js": {"path":"/home/nec286/code/osu-twitch/src/components/viewer/profile/LevelProgress.js","statementMap":{"0":{"start":{"line":7,"column":4},"end":{"line":13,"column":6}}},"fnMap":{"0":{"name":"(anonymous_0)","decl":{"start":{"line":6,"column":2},"end":{"line":6,"column":3}},"loc":{"start":{"line":6,"column":20},"end":{"line":14,"column":3}},"line":6}},"branchMap":{},"s":{"0":1},"f":{"0":1},"b":{},"_coverageSchema":"332fd63041d2c1bcb487cc26dd0d5f7d97098a6c","hash":"2dc6dc049a4f557df98cd6d1d29cf1d944f0c51a"}
,"/home/nec286/code/osu-twitch/src/components/viewer/profile/PlayCount.js": {"path":"/home/nec286/code/osu-twitch/src/components/viewer/profile/PlayCount.js","statementMap":{"0":{"start":{"line":7,"column":4},"end":{"line":7,"column":60}}},"fnMap":{"0":{"name":"(anonymous_0)","decl":{"start":{"line":6,"column":2},"end":{"line":6,"column":3}},"loc":{"start":{"line":6,"column":20},"end":{"line":8,"column":3}},"line":6}},"branchMap":{},"s":{"0":1},"f":{"0":1},"b":{},"_coverageSchema":"332fd63041d2c1bcb487cc26dd0d5f7d97098a6c","hash":"f2833a5be9f7eb854f38afc3ea0035a1eff0084c"}
,"/home/nec286/code/osu-twitch/src/components/viewer/profile/RankedScore.js": {"path":"/home/nec286/code/osu-twitch/src/components/viewer/profile/RankedScore.js","statementMap":{"0":{"start":{"line":8,"column":4},"end":{"line":8,"column":72}}},"fnMap":{"0":{"name":"(anonymous_0)","decl":{"start":{"line":7,"column":2},"end":{"line":7,"column":3}},"loc":{"start":{"line":7,"column":20},"end":{"line":9,"column":3}},"line":7}},"branchMap":{},"s":{"0":1},"f":{"0":1},"b":{},"_coverageSchema":"332fd63041d2c1bcb487cc26dd0d5f7d97098a6c","hash":"caf31e5c148fa1076f8aee227865695963824d0c"}
,"/home/nec286/code/osu-twitch/src/components/viewer/profile/TotalScore.js": {"path":"/home/nec286/code/osu-twitch/src/components/viewer/profile/TotalScore.js","statementMap":{"0":{"start":{"line":8,"column":4},"end":{"line":8,"column":71}}},"fnMap":{"0":{"name":"(anonymous_0)","decl":{"start":{"line":7,"column":2},"end":{"line":7,"column":3}},"loc":{"start":{"line":7,"column":20},"end":{"line":9,"column":3}},"line":7}},"branchMap":{},"s":{"0":1},"f":{"0":1},"b":{},"_coverageSchema":"332fd63041d2c1bcb487cc26dd0d5f7d97098a6c","hash":"76ee8ab42965df4bdc79f8598bac4c4a7bcd4a38"}
}
